###5.7.10-log - MySQL Community Server (GPL)

================== running script ==================
[INFO][2016-03-29 22:33:38] configuration.Configuration[main] - loading default configuration rexdb.xml.
[INFO][2016-03-29 22:33:38] configuration.Configuration[main] - sql validate has switched to false.
[INFO][2016-03-29 22:33:38] configuration.Configuration[main] - check warnings has switched to false.
[INFO][2016-03-29 22:33:38] logger.LoggerFactory[main] - Logger has switched to nolog mode.
===================MySQL
--- executed: DROP PROCEDURE IF EXISTS rexdb_test_proc_in
--- executed: DROP PROCEDURE IF EXISTS rexdb_test_proc_inout
--- executed: DROP PROCEDURE IF EXISTS rexdb_test_proc_in_out
--- executed: DROP PROCEDURE IF EXISTS rexdb_test_proc_out
--- executed: DROP PROCEDURE IF EXISTS rexdb_test_proc_return
--- executed: DROP PROCEDURE IF EXISTS rexdb_test_proc_return_rs
--- executed: drop TABLE IF EXISTS rexdb_test_student
--- executed: CREATE PROCEDURE rexdb_test_proc_in (IN id INT)  BEGIN	select * from rexdb_test_student where student_id = id;END
--- executed: CREATE PROCEDURE rexdb_test_proc_out (OUT s INT)  BEGIN 	SELECT COUNT(*) INTO s FROM rexdb_test_student ;  END
--- executed: CREATE PROCEDURE rexdb_test_proc_in_out (IN id INT, OUT m INT)  BEGIN 	SELECT major INTO m FROM rexdb_test_student where student_id = id;  END
--- executed: CREATE PROCEDURE rexdb_test_proc_inout (INOUT c INT)  BEGIN 	SELECT COUNT(*) + c INTO c FROM rexdb_test_student;END
--- executed: CREATE PROCEDURE rexdb_test_proc_return ()  BEGIN	SELECT count(*) as c FROM rexdb_test_student ; END
--- executed: CREATE PROCEDURE rexdb_test_proc_return_rs ()  BEGIN	SELECT * FROM rexdb_test_student limit 0, 5;     SELECT * FROM rexdb_test_student limit 5, 9; END
--- executed: CREATE TABLE IF NOT EXISTS rexdb_test_student (	student_id int(11) AUTO_INCREMENT NOT NULL,	name varchar(30) NOT NULL,	sex tinyint(1) NOT NULL,	birthday date NOT NULL,	birth_time time NOT NULL,	enrollment_time datetime NOT NULL,	major smallint(6) NOT NULL,	photo blob,	remark text,	readonly tinyint(1) NOT NULL,	PRIMARY KEY (student_id))
================== running rexdb API test for dbName ===================
--------------------- testing DB.get ------------------
--get: passed
--getByPs: passed
--getByBean: passed
--getByMap: passed
--getByArray: passed
--------------------- testing DB.getMap ------------------
--getMap: passed
--getMapByArray: passed
--getMapByPs: passed
--getMapByBean: passed
--getMapByMap: passed
--------------------- testing DB.getList ------------------
--getPagedListByArray: passed
--getPagedListByBean: passed
--getList: passed
--getListByMap: passed
--getListByBean: passed
--getPagedListByMap: passed
--getListByArray: passed
--getPagedList: passed
--getListByPs: passed
--getPagedListByPs: passed
--------------------- testing DB.getMapList ------------------
--getPagedMapListByPs: passed
--getPagedMapListByArray: passed
--getPagedMapListByBean: passed
--getPagedMapListByMap: passed
--getMapListByArray: passed
--getMapListByBean: passed
--getMapListByMap: passed
--getMapListByPs: passed
--getPagedMapList: passed
--getMapList: passed
--------------------- testing DB.update ------------------
--updateByObjectArray: passed
--update: passed
--updateByPs: passed
--updateByBean: passed
--updateByMap: passed
--------------------- testing DB.batchUpdate ------------------
--batchUpdateByObjectArray: passed
--batchUpdateByMap: passed
--batchUpdate: passed
--batchUpdateByPs: passed
--batchUpdateByBean: passed
--------------------- testing DB.transaction ------------------
--commit: passed
--rollback: passed
--------------------- testing DB.call ------------------
--callReturnRsParamter: passed
--callReturnParamter: passed
--callInParamter: passed
--callInOutParamter: passed
--callInoutParamter: passed
--callOutParamter: passed
[INFO][2016-03-29 22:33:39] support.ClassPathXmlApplicationContext[main] - Refreshing org.springframework.context.support.ClassPathXmlApplicationContext@1da60c5: startup date [Tue Mar 29 22:33:39 CST 2016]; root of context hierarchy
[INFO][2016-03-29 22:33:39] xml.XmlBeanDefinitionReader[main] - Loading XML bean definitions from class path resource [applicationContext.xml]
[INFO][2016-03-29 22:33:39] config.PropertyPlaceholderConfigurer[main] - Loading properties file from class path resource [conn.properties]
================== testing frameworks ==================
ERROR StatusLogger No log4j2 configuration file found. Using default configuration: logging only errors to the console.
-- hibernateEnabled: true
-- mybatisEnabled: true
-- springEnabled: true
-- rexdbEnabled: true
-- jdbcEnabled: true
===================== running performance test ======================
-------------- testing insert (Affected Rows per second) ------------
|      |     rexdb     |     jdbc     |    hibernate    |  mybatis   |  spring   |
| ---- | ------------- | ------------ | --------------- | ---------- | --------- |
warming up testing insert..................
|   1  |     2512.56     |    2463.05     |      884.96      |   2262.44    |   2403.85    |
|   2  |     2512.56     |    2617.80     |      878.73      |   2415.46    |   2487.56    |
|   3  |     2450.98     |    2415.46     |      818.33      |   2403.85    |   2242.15    |
|   4  |     2415.46     |    2415.46     |      830.56      |   2008.03    |   2358.49    |
|   5  |     2347.42     |    2403.85     |      851.79      |   2358.49    |   2325.58    |
|   6  |     2380.95     |    2512.56     |      862.07      |   2304.15    |   2380.95    |
|   7  |     2439.02     |    2487.56     |      866.55      |   2192.98    |   2415.46    |
|   8  |     2403.85     |    2450.98     |      880.28      |   2336.45    |   2380.95    |
|   9  |     2551.02     |    2590.67     |      877.19      |   2314.81    |   2347.42    |
|   10  |     2439.02     |    2525.25     |      888.10      |   2427.18    |   2369.67    |
|   11  |     2475.25     |    2564.10     |      877.19      |   2314.81    |   2403.85    |
|   12  |     2358.49     |    2617.80     |      888.10      |   2358.49    |   2427.18    |
|   13  |     2487.56     |    2450.98     |      891.27      |   2325.58    |   2304.15    |
|   14  |     2538.07     |    2551.02     |      825.08      |   2403.85    |   2450.98    |
|   15  |     2487.56     |    2475.25     |      851.79      |   2380.95    |   2358.49    |
|   16  |     2314.81     |    2232.14     |      865.05      |   2283.11    |   2283.11    |
|   17  |     2212.39     |    2100.84     |      851.79      |   2336.45    |   2380.95    |
|   18  |     1923.08     |    2538.07     |      857.63      |   2314.81    |   2283.11    |
|   19  |     2475.25     |    2487.56     |      875.66      |   2314.81    |   2564.10    |
|   20  |     2475.25     |    2525.25     |      874.13      |   2283.11    |   2475.25    |
|   21  |     2487.56     |    2475.25     |      883.39      |   2369.67    |   2380.95    |
|   22  |     2512.56     |    2283.11     |      821.02      |   2304.15    |   2403.85    |
|   23  |     2439.02     |    2551.02     |      880.28      |   2272.73    |   2392.34    |
|   24  |     2192.98     |    2403.85     |      877.19      |   2314.81    |   2392.34    |
|   25  |     2369.67     |    2512.56     |      886.52      |   2439.02    |   2403.85    |
|   26  |     2525.25     |    2551.02     |      881.83      |   2427.18    |   2487.56    |
|   27  |     2500.00     |    2415.46     |      896.06      |   2392.34    |   2500.00    |
|   28  |     2347.42     |    2538.07     |      869.57      |   2347.42    |   2439.02    |
|   29  |     2427.18     |    2590.67     |      881.83      |   2293.58    |   2427.18    |
|   30  |     2427.18     |    632.11     |      881.83      |   2439.02    |   2450.98    |
|   31  |     2538.07     |    2463.05     |      888.10      |   2380.95    |   2314.81    |
|   32  |     2512.56     |    2525.25     |      871.08      |   2358.49    |   2403.85    |
|   33  |     2463.05     |    2500.00     |      886.52      |   2336.45    |   2427.18    |
|   34  |     2475.25     |    2631.58     |      856.16      |   2304.15    |   2427.18    |
|   35  |     2403.85     |    2232.14     |      846.02      |   2325.58    |   2439.02    |
|   36  |     2551.02     |    2439.02     |      880.28      |   2439.02    |   2463.05    |
|   37  |     2538.07     |    2463.05     |      883.39      |   2347.42    |   2463.05    |
|   38  |     2500.00     |    2538.07     |      891.27      |   2369.67    |   2439.02    |
|   39  |     2380.95     |    2617.80     |      884.96      |   2358.49    |   2439.02    |
|   40  |     2475.25     |    2551.02     |      878.73      |   2415.46    |   2512.56    |
|   41  |     2500.00     |    2564.10     |      886.52      |   2358.49    |   2369.67    |
|   42  |     2439.02     |    2487.56     |      889.68      |   2325.58    |   2032.52    |
|   43  |     2109.70     |    2293.58     |      819.67      |   2358.49    |   2392.34    |
|   44  |     2403.85     |    2427.18     |      872.60      |   2283.11    |   2500.00    |
|   45  |     2564.10     |    2590.67     |      874.13      |   2392.34    |   2450.98    |
|   46  |     2512.56     |    2500.00     |      872.60      |   2487.56    |   2392.34    |
|   47  |     2487.56     |    2590.67     |      865.05      |   2380.95    |   2415.46    |
|   48  |     2427.18     |    2475.25     |      888.10      |   2272.73    |   2415.46    |
|   49  |     2164.50     |    2564.10     |      905.80      |   2304.15    |   2487.56    |
|   50  |     2512.56     |    2538.07     |      883.39      |   2347.42    |   2380.95    |
|  AVG |     2427.77     |    2447.42     |      871.60      |   2341.73    |   2401.75    |
-------------- testing insertPs (Affected Rows per second) ------------
|      |     rexdb     |     jdbc     |    hibernate    |  mybatis   |  spring   |
| ---- | ------------- | ------------ | --------------- | ---------- | --------- |
warming up testing insertPs..................
|   1  |     2564.10     |    2551.02     |      905.80      |   2325.58    |   2439.02    |
|   2  |     2487.56     |    2525.25     |      888.10      |   2380.95    |   2392.34    |
|   3  |     2487.56     |    2512.56     |      896.06      |   2369.67    |   2450.98    |
|   4  |     2500.00     |    2564.10     |      899.28      |   2314.81    |   2403.85    |
|   5  |     2403.85     |    2551.02     |      878.73      |   2392.34    |   2487.56    |
|   6  |     2551.02     |    2604.17     |      880.28      |   2336.45    |   2427.18    |
|   7  |     2450.98     |    2577.32     |      888.10      |   2415.46    |   2392.34    |
|   8  |     2525.25     |    2617.80     |      874.13      |   2145.92    |   2487.56    |
|   9  |     2512.56     |    2564.10     |      872.60      |   2380.95    |   2450.98    |
|   10  |     2475.25     |    2450.98     |      883.39      |   2183.41    |   2304.15    |
|   11  |     2427.18     |    2564.10     |      863.56      |   2325.58    |   2463.05    |
|   12  |     2427.18     |    2538.07     |      877.19      |   2380.95    |   2439.02    |
|   13  |     2450.98     |    2564.10     |      881.83      |   2336.45    |   2403.85    |
|   14  |     2525.25     |    2604.17     |      888.10      |   2304.15    |   2439.02    |
|   15  |     2487.56     |    2439.02     |      856.16      |   2242.15    |   1984.13    |
|   16  |     2403.85     |    2538.07     |      865.05      |   2314.81    |   2347.42    |
|   17  |     2439.02     |    2487.56     |      888.10      |   2314.81    |   2347.42    |
|   18  |     2525.25     |    2564.10     |      859.11      |   2202.64    |   2439.02    |
|   19  |     2525.25     |    2500.00     |      862.07      |   2403.85    |   2347.42    |
|   20  |     2415.46     |    2551.02     |      884.96      |   2325.58    |   2463.05    |
|   21  |     2500.00     |    2604.17     |      872.60      |   2283.11    |   2358.49    |
|   22  |     2392.34     |    2450.98     |      860.59      |   2358.49    |   2450.98    |
|   23  |     2551.02     |    2525.25     |      866.55      |   2415.46    |   2427.18    |
|   24  |     2183.41     |    2500.00     |      857.63      |   2192.98    |   2427.18    |
|   25  |     2403.85     |    2358.49     |      841.75      |   2000.00    |   2403.85    |
|   26  |     2336.45     |    2538.07     |      888.10      |   2450.98    |   2450.98    |
|   27  |     2500.00     |    2369.67     |      877.19      |   2272.73    |   2314.81    |
|   28  |     2564.10     |    2512.56     |      872.60      |   2347.42    |   2500.00    |
|   29  |     2538.07     |    2463.05     |      880.28      |   2403.85    |   2392.34    |
|   30  |     2427.18     |    2475.25     |      862.07      |   2232.14    |   2242.15    |
|   31  |     2427.18     |    2369.67     |      868.06      |   2439.02    |   2392.34    |
|   32  |     2415.46     |    2325.58     |      881.83      |   2347.42    |   2252.25    |
|   33  |     2538.07     |    2551.02     |      869.57      |   2439.02    |   2463.05    |
|   34  |     2512.56     |    2380.95     |      874.13      |   2262.44    |   2463.05    |
|   35  |     2450.98     |    2631.58     |      872.60      |   2252.25    |   2415.46    |
|   36  |     2450.98     |    2564.10     |      886.52      |   2403.85    |   2439.02    |
|   37  |     2475.25     |    2512.56     |      881.83      |   2325.58    |   2463.05    |
|   38  |     2590.67     |    2604.17     |      881.83      |   2427.18    |   2512.56    |
|   39  |     2551.02     |    2538.07     |      880.28      |   2392.34    |   2450.98    |
|   40  |     2392.34     |    2475.25     |      869.57      |   2314.81    |   2283.11    |
|   41  |     2347.42     |    2304.15     |      793.65      |   2293.58    |   2212.39    |
|   42  |     2403.85     |    2347.42     |      848.90      |   2232.14    |   2347.42    |
|   43  |     2450.98     |    2427.18     |      872.60      |   2358.49    |   2272.73    |
|   44  |     2369.67     |    2450.98     |      778.82      |   1976.28    |   2415.46    |
|   45  |     2415.46     |    2325.58     |      851.79      |   2314.81    |   2439.02    |
|   46  |     2487.56     |    2512.56     |      848.90      |   2222.22    |   2074.69    |
|   47  |     2232.14     |    2525.25     |      871.08      |   2314.81    |   2325.58    |
|   48  |     2109.70     |    2262.44     |      680.27      |   1718.21    |   2049.18    |
|   49  |     2118.64     |    1968.50     |      717.36      |   2032.52    |   2032.52    |
|   50  |     2066.12     |    2293.58     |      846.02      |   2283.11    |   2336.45    |
|  AVG |     2435.75     |    2480.73     |      862.95      |   2294.08    |   2370.35    |
-------------- testing batchInsert (Affected Rows per second) ------------
|      |     rexdb     |     jdbc     |    hibernate    |  mybatis   |  spring   |
| ---- | ------------- | ------------ | --------------- | ---------- | --------- |
warming up testing batchInsert..................
|   1  |     42052.14     |    43591.98     |      29976.02      |   36258.16    |   34506.56    |
|   2  |     35919.54     |    38669.76     |      24342.75      |   32808.40    |   36205.65    |
|   3  |     41876.05     |    40096.23     |      29239.77      |   35087.72    |   34059.95    |
|   4  |     40916.53     |    41322.31     |      30048.08      |   35536.60    |   36390.10    |
|   5  |     38971.16     |    41493.78     |      29673.59      |   36954.92    |   35842.29    |
|   6  |     39154.27     |    40453.07     |      28901.73      |   36049.03    |   35310.73    |
|   7  |     38699.69     |    39808.92     |      28216.70      |   33898.31    |   33647.38    |
|   8  |     37425.15     |    44091.71     |      29673.59      |   36153.29    |   34106.41    |
|   9  |     39154.27     |    42844.90     |      28425.24      |   36954.92    |   33829.50    |
|   10  |     41459.37     |    42625.75     |      28686.17      |   34891.84    |   33489.62    |
|   11  |     40816.33     |    42123.00     |      27218.29      |   32808.40    |   33090.67    |
|   12  |     40650.41     |    42229.73     |      28121.48      |   34340.66    |   35637.92    |
|   13  |     40290.09     |    42517.01     |      30864.20      |   34674.06    |   38940.81    |
|   14  |     40290.09     |    37936.27     |      24912.81      |   37993.92    |   36845.98    |
|   15  |     41528.24     |    42480.88     |      30248.03      |   35536.60    |   35971.22    |
|   16  |     44169.61     |    42517.01     |      31685.68      |   35063.11    |   34965.03    |
|   17  |     40225.26     |    48262.55     |      27307.48      |   39062.50    |   36443.15    |
|   18  |     45578.85     |    41946.31     |      31705.77      |   35014.01    |   39215.69    |
|   19  |     40355.13     |    46598.32     |      26123.30      |   34746.35    |   36153.29    |
|   20  |     46904.32     |    43478.26     |      31113.88      |   34843.21    |   38226.30    |
|   21  |     40551.50     |    46598.32     |      25510.20      |   37764.35    |   34013.61    |
|   22  |     46168.05     |    43706.29     |      31036.62      |   34435.26    |   40716.61    |
|   23  |     42408.82     |    48875.86     |      28105.68      |   39308.18    |   34891.84    |
|   24  |     45330.92     |    42553.19     |      30978.93      |   34916.20    |   40485.83    |
|   25  |     42265.43     |    44404.97     |      28719.13      |   38461.54    |   37202.38    |
|   26  |     46641.79     |    43936.73     |      31113.88      |   35435.86    |   40387.72    |
|   27  |     42844.90     |    44014.08     |      27533.04      |   38699.69    |   35971.22    |
|   28  |     47846.89     |    42408.82     |      31645.57      |   33579.58    |   39494.47    |
|   29  |     42955.33     |    48638.13     |      28835.06      |   38880.25    |   36927.62    |
|   30  |     42881.65     |    40950.04     |      29429.08      |   34650.03    |   39777.25    |
|   31  |     43140.64     |    46816.48     |      28752.16      |   39619.65    |   35435.86    |
|   32  |     46468.40     |    43103.45     |      31191.52      |   34482.76    |   39682.54    |
|   33  |     41425.02     |    47709.92     |      29585.80      |   38372.99    |   35945.36    |
|   34  |     44843.05     |    44404.97     |      30731.41      |   35612.54    |   38226.30    |
|   35  |     41597.34     |    44843.05     |      27337.34      |   39246.47    |   35511.36    |
|   36  |     44014.08     |    41806.02     |      32195.75      |   34891.84    |   40816.33    |
|   37  |     42808.22     |    47393.36     |      30581.04      |   35186.49    |   40816.33    |
|   38  |     41946.31     |    46082.95     |      29429.08      |   38343.56    |   37593.98    |
|   39  |     41841.00     |    41254.13     |      31387.32      |   36153.29    |   35186.49    |
|   40  |     42016.81     |    46598.32     |      28735.63      |   39308.18    |   34530.39    |
|   41  |     40783.03     |    42589.44     |      29922.20      |   35688.79    |   35790.98    |
|   42  |     44802.87     |    40000.00     |      30750.31      |   35460.99    |   35945.36    |
|   43  |     45330.92     |    44208.66     |      30469.23      |   21968.37    |   35561.88    |
|   44  |     41562.76     |    48732.94     |      28885.04      |   38789.76    |   35236.08    |
|   45  |     40617.38     |    46772.68     |      27762.35      |   38819.88    |   36416.61    |
|   46  |     46816.48     |    42955.33     |      30656.04      |   33244.68    |   34818.94    |
|   47  |     40950.04     |    47393.36     |      27731.56      |   36576.44    |   34940.60    |
|   48  |     38550.50     |    46511.63     |      27188.69      |   39246.47    |   36310.82    |
|   49  |     42517.01     |    47393.36     |      28768.70      |   39463.30    |   36523.01    |
|   50  |     47755.49     |    42480.88     |      31545.74      |   34940.60    |   36153.29    |
|  AVG |     42322.38     |    43804.50     |      29259.97      |   36004.48    |   36483.79    |
-------------- testing batchInsertPs (Affected Rows per second) ------------
|      |     rexdb     |     jdbc     |    hibernate    |  mybatis   |  spring   |
| ---- | ------------- | ------------ | --------------- | ---------- | --------- |
warming up testing batchInsertPs..................
|   1  |     32299.74     |    38138.83     |      24461.84      |   30229.75    |   31426.78    |
|   2  |     33422.46     |    33738.19     |      25706.94      |   30845.16    |   29708.85    |
|   3  |     34129.69     |    36873.16     |      26109.66      |   26809.65    |   29103.61    |
|   4  |     34989.50     |    34554.25     |      24582.10      |   29797.38    |   31746.03    |
|   5  |     33967.39     |    35360.68     |      22075.06      |   31036.62    |   30712.53    |
|   6  |     26954.18     |    35561.88     |      24618.41      |   28184.89    |   28935.19    |
|   7  |     32981.53     |    32808.40     |      25879.92      |   27716.19    |   33921.30    |
|   8  |     31989.76     |    36231.88     |      26068.82      |   27056.28    |   32216.49    |
|   9  |     34270.05     |    34530.39     |      26288.12      |   33377.84    |   41806.02    |
|   10  |     41946.31     |    43252.60     |      32299.74      |   35561.88    |   36049.03    |
|   11  |     40000.00     |    42735.04     |      31847.13      |   38759.69    |   37147.10    |
|   12  |     23180.34     |    47258.98     |      29188.56      |   39001.56    |   37009.62    |
|   13  |     39808.92     |    48971.60     |      29291.15      |   39494.47    |   36153.29    |
|   14  |     39463.30     |    41084.63     |      30469.23      |   35714.29    |   41254.13    |
|   15  |     39904.23     |    48169.56     |      29940.12      |   37850.11    |   36791.76    |
|   16  |     46992.48     |    44247.79     |      30048.08      |   35335.69    |   40064.10    |
|   17  |     41666.67     |    46296.30     |      29779.63      |   37792.89    |   36576.44    |
|   18  |     39619.65     |    33200.53     |      29994.00      |   35014.01    |   40485.83    |
|   19  |     41666.67     |    48923.68     |      29481.13      |   39093.04    |   36310.82    |
|   20  |     39556.96     |    48971.60     |      29256.88      |   39588.28    |   37174.72    |
|   21  |     39619.65     |    42735.04     |      31969.31      |   35714.29    |   39525.69    |
|   22  |     39525.69     |    46992.48     |      29377.20      |   39154.27    |   35816.62    |
|   23  |     40322.58     |    42444.82     |      29036.00      |   39277.30    |   35842.29    |
|   24  |     39246.47     |    48590.86     |      28376.84      |   39714.06    |   35997.12    |
|   25  |     39123.63     |    42771.60     |      31645.57      |   33489.62    |   40783.03    |
|   26  |     41528.24     |    47938.64     |      25329.28      |   34891.84    |   33967.39    |
|   27  |     34843.21     |    41356.49     |      26232.95      |   37622.27    |   32278.89    |
|   28  |     38610.04     |    46168.05     |      26553.37      |   38167.94    |   33534.54    |
|   29  |     37965.07     |    47258.98     |      26178.01      |   38759.69    |   34176.35    |
|   30  |     38284.84     |    46339.20     |      26723.68      |   37764.35    |   34482.76    |
|   31  |     38314.18     |    46641.79     |      27292.58      |   38109.76    |   34578.15    |
|   32  |     36737.69     |    47393.36     |      26001.04      |   39277.30    |   35868.01    |
|   33  |     45998.16     |    42589.44     |      31505.99      |   38699.69    |   37650.60    |
|   34  |     44286.98     |    42444.82     |      30525.03      |   33512.06    |   40783.03    |
|   35  |     40983.61     |    42735.04     |      31466.33      |   35385.70    |   35790.98    |
|   36  |     39619.65     |    46339.20     |      27979.85      |   38491.15    |   37147.10    |
|   37  |     38789.76     |    48780.49     |      28620.49      |   36231.88    |   37257.82    |
|   38  |     39840.64     |    39432.18     |      30998.14      |   38255.55    |   37313.43    |
|   39  |     40225.26     |    48030.74     |      29325.51      |   39463.30    |   35137.03    |
|   40  |     39651.07     |    46685.34     |      28901.73      |   39432.18    |   37453.18    |
|   41  |     37622.27     |    48355.90     |      28719.13      |   39308.18    |   36954.92    |
|   42  |     46816.48     |    44722.72     |      30656.04      |   35790.98    |   41254.13    |
|   43  |     41288.19     |    49261.08     |      29655.99      |   38520.80    |   37285.61    |
|   44  |     46425.26     |    44286.98     |      30358.23      |   35511.36    |   40551.50    |
|   45  |     41701.42     |    48828.12     |      29103.61      |   39401.10    |   35637.92    |
|   46  |     40453.07     |    48030.74     |      28818.44      |   39401.10    |   37037.04    |
|   47  |     37397.16     |    49164.21     |      27277.69      |   37907.51    |   34989.50    |
|   48  |     38610.04     |    49554.01     |      27839.64      |   39463.30    |   35816.62    |
|   49  |     39904.23     |    46728.97     |      29069.77      |   36710.72    |   36179.45    |
|   50  |     39588.28     |    47755.49     |      28868.36      |   38255.55    |   35063.11    |
|  AVG |     38642.65     |    43825.34     |      28435.85      |   36198.89    |   36014.95    |
------------------------- init 50000 rows --------------------------
-------------- testing getList (Affected Rows per second) ------------
|      |     rexdb     |     jdbc     |    hibernate    |  mybatis   |  spring   |
| ---- | ------------- | ------------ | --------------- | ---------- | --------- |
warming up testing getList..................
|   1  |     26638.25     |    19904.46     |      18789.93      |   16589.25    |   28058.36    |
|   2  |     22431.58     |    25201.61     |      19600.16      |   22799.82    |   20815.99    |
|   3  |     21294.72     |    25432.35     |      23277.47      |   21598.27    |   23191.09    |
|   4  |     24390.24     |    28200.79     |      22311.47      |   17921.15    |   26723.68    |
|   5  |     39308.18     |    23191.09     |      34506.56      |   31230.48    |   30266.34    |
|   6  |     29291.15     |    57537.40     |      25471.22      |   31289.11    |   29086.68    |
|   7  |     53995.68     |    44014.08     |      38461.54      |   28264.56    |   29222.68    |
|   8  |     49212.60     |    96711.80     |      26399.16      |   36496.35    |   50916.50    |
|   9  |     46468.40     |    57736.72     |      36603.22      |   90090.09    |   181818.18    |
|   10  |     174216.03     |    134048.26     |      72358.90      |   94517.96    |   126262.63    |
|   11  |     177935.94     |    174216.03     |      74962.52      |   80000.00    |   181159.42    |
|   12  |     185185.19     |    172413.79     |      75642.97      |   78988.94    |   166666.67    |
|   13  |     171232.88     |    179856.12     |      60240.96      |   97656.25    |   170068.03    |
|   14  |     181159.42     |    133333.33     |      73313.78      |   91575.09    |   134048.26    |
|   15  |     174216.03     |    167785.23     |      74074.07      |   80256.82    |   171232.88    |
|   16  |     187265.92     |    167785.23     |      63775.51      |   93457.94    |   170068.03    |
|   17  |     127877.24     |    182481.75     |      76923.08      |   79617.83    |   171821.31    |
|   18  |     187969.92     |    176678.45     |      62034.74      |   94696.97    |   170648.46    |
|   19  |     125000.00     |    176056.34     |      74183.98      |   75757.58    |   175438.60    |
|   20  |     170068.03     |    177304.96     |      57537.40      |   92421.44    |   167224.08    |
|   21  |     127877.24     |    183823.53     |      74183.98      |   74404.76    |   174216.03    |
|   22  |     185873.61     |    174216.03     |      55928.41      |   87108.01    |   168350.17    |
|   23  |     121951.22     |    161290.32     |      75757.58      |   75301.20    |   177935.94    |
|   24  |     187969.92     |    183150.18     |      56242.97      |   94161.96    |   167785.23    |
|   25  |     131926.12     |    167224.08     |      77639.75      |   77279.75    |   182481.75    |
|   26  |     187969.92     |    181818.18     |      74074.07      |   79744.82    |   173010.38    |
|   27  |     185873.61     |    176056.34     |      55803.57      |   74404.76    |   129198.97    |
|   28  |     107991.36     |    142857.14     |      66137.57      |   74074.07    |   156739.81    |
|   29  |     177935.94     |    161812.30     |      62814.07      |   90415.91    |   123152.71    |
|   30  |     175438.60     |    166112.96     |      61728.40      |   92592.59    |   122249.39    |
|   31  |     162866.45     |    179211.47     |      60827.25      |   96711.80    |   128534.70    |
|   32  |     177935.94     |    167785.23     |      64766.84      |   91575.09    |   125628.14    |
|   33  |     171232.88     |    166112.96     |      64516.13      |   92592.59    |   181818.18    |
|   34  |     129198.97     |    184501.85     |      74962.52      |   83333.33    |   174216.03    |
|   35  |     183823.53     |    181159.42     |      64850.84      |   93457.94    |   128205.13    |
|   36  |     180505.42     |    169491.53     |      65019.51      |   89445.44    |   175438.60    |
|   37  |     128205.13     |    166666.67     |      53879.31      |   92250.92    |   126262.63    |
|   38  |     178571.43     |    176678.45     |      59737.16      |   92081.03    |   124688.28    |
|   39  |     173611.11     |    167785.23     |      61881.19      |   93283.58    |   129198.97    |
|   40  |     179856.12     |    168350.17     |      61957.87      |   89126.56    |   176678.45    |
|   41  |     127551.02     |    178571.43     |      72780.20      |   81168.83    |   171232.88    |
|   42  |     181818.18     |    167785.23     |      64516.13      |   89766.61    |   183823.53    |
|   43  |     121654.50     |    183150.18     |      72886.30      |   80775.44    |   173611.11    |
|   44  |     183823.53     |    171821.31     |      65445.03      |   89126.56    |   179211.47    |
|   45  |     136239.78     |    171821.31     |      61050.06      |   95602.29    |   134770.89    |
|   46  |     174216.03     |    172413.79     |      65019.51      |   95602.29    |   135135.14    |
|   47  |     180505.42     |    176056.34     |      64516.13      |   81300.81    |   176056.34    |
|   48  |     126262.63     |    174825.17     |      65789.47      |   78864.35    |   168918.92    |
|   49  |     182481.75     |    131926.12     |      74074.07      |   80906.15    |   179211.47    |
|   50  |     180505.42     |    133333.33     |      58479.53      |   95969.29    |   128865.98    |
|  AVG |     140536.60     |    146153.96     |      59354.68      |   77153.09    |   138027.30    |
-------------- testing getList-disableDynamic (Affected Rows per second) ------------
|      |     rexdb     |     jdbc     |    hibernate    |  mybatis   |  spring   |
| ---- | ------------- | ------------ | --------------- | ---------- | --------- |
warming up testing getList-disableDynamic..................
|   1  |     130548.30     |    184501.85     |      63211.13      |   88183.42    |   127226.46    |
|   2  |     137741.05     |    167224.08     |      64850.84      |   92764.38    |   183823.53    |
|   3  |     105042.02     |    182481.75     |      73421.44      |   82372.32    |   172413.79    |
|   4  |     138504.16     |    169491.53     |      66225.17      |   92081.03    |   119904.08    |
|   5  |     137362.64     |    167785.23     |      64020.49      |   97465.89    |   129198.97    |
|   6  |     128534.70     |    168350.17     |      65019.51      |   94517.96    |   137741.05    |
|   7  |     130548.30     |    170648.46     |      66489.36      |   92592.59    |   126903.55    |
|   8  |     137362.64     |    170648.46     |      64432.99      |   92250.92    |   129198.97    |
|   9  |     124688.28     |    161290.32     |      60901.34      |   91407.68    |   125313.28    |
|   10  |     124378.11     |    159744.41     |      61957.87      |   87565.67    |   131926.12    |
|   11  |     125313.28     |    163934.43     |      62344.14      |   88809.95    |   123456.79    |
|   12  |     134770.89     |    163398.69     |      62500.00      |   90090.09    |   124378.11    |
|   13  |     123152.71     |    170648.46     |      60901.34      |   92592.59    |   125313.28    |
|   14  |     125000.00     |    165016.50     |      60753.34      |   89126.56    |   176056.34    |
|   15  |     105485.23     |    168350.17     |      58479.53      |   90090.09    |   111607.14    |
|   16  |     130208.33     |    163934.43     |      64599.48      |   90744.10    |   129198.97    |
|   17  |     126903.55     |    181818.18     |      63532.40      |   96153.85    |   129198.97    |
|   18  |     129870.13     |    168350.17     |      64766.84      |   92421.44    |   125944.58    |
|   19  |     134408.60     |    170648.46     |      65274.15      |   91240.88    |   127551.02    |
|   20  |     136612.02     |    167785.23     |      63211.13      |   95785.44    |   128534.70    |
|   21  |     127877.24     |    167224.08     |      64350.06      |   94339.62    |   183823.53    |
|   22  |     105042.02     |    171232.88     |      60096.15      |   92250.92    |   125944.58    |
|   23  |     137741.05     |    167224.08     |      64683.05      |   91407.68    |   128865.98    |
|   24  |     137741.05     |    166112.96     |      63856.96      |   96525.10    |   130208.33    |
|   25  |     128865.98     |    167785.23     |      65104.17      |   94517.96    |   182481.75    |
|   26  |     105708.25     |    171232.88     |      59737.16      |   91407.68    |   127551.02    |
|   27  |     137362.64     |    168918.92     |      64850.84      |   91575.09    |   129870.13    |
|   28  |     137741.05     |    167785.23     |      62656.64      |   96899.22    |   129533.68    |
|   29  |     128865.98     |    168350.17     |      65616.80      |   93283.58    |   182481.75    |
|   30  |     105932.20     |    170648.46     |      60459.49      |   91911.76    |   126903.55    |
|   31  |     135869.57     |    170068.03     |      65445.03      |   91911.76    |   129198.97    |
|   32  |     130208.33     |    177935.94     |      63775.51      |   91074.68    |   130548.30    |
|   33  |     129198.97     |    168918.92     |      65189.05      |   93109.87    |   183823.53    |
|   34  |     106157.11     |    168918.92     |      60459.49      |   93457.94    |   127226.46    |
|   35  |     136239.78     |    171232.88     |      65445.03      |   93457.94    |   171232.88    |
|   36  |     107066.38     |    182481.75     |      74962.52      |   82644.63    |   171821.31    |
|   37  |     132275.13     |    126903.55     |      74515.65      |   79617.83    |   182481.75    |
|   38  |     135869.57     |    170068.03     |      65616.80      |   92421.44    |   128205.13    |
|   39  |     137741.05     |    168350.17     |      65616.80      |   91240.88    |   129870.13    |
|   40  |     129533.68     |    181818.18     |      63211.13      |   95602.29    |   131578.95    |
|   41  |     128534.70     |    168350.17     |      65703.02      |   91407.68    |   130208.33    |
|   42  |     136986.30     |    169491.53     |      65104.17      |   90415.91    |   127877.24    |
|   43  |     135135.14     |    167224.08     |      62656.64      |   96711.80    |   129533.68    |
|   44  |     130208.33     |    179856.12     |      63211.13      |   96711.80    |   131578.95    |
|   45  |     128865.98     |    168350.17     |      65104.17      |   92764.38    |   130890.05    |
|   46  |     138888.89     |    170648.46     |      64516.13      |   92421.44    |   126582.28    |
|   47  |     136612.02     |    168918.92     |      63532.40      |   93984.96    |   129198.97    |
|   48  |     123456.79     |    167785.23     |      65789.47      |   94339.62    |   136986.30    |
|   49  |     129198.97     |    168350.17     |      65189.05      |   90909.09    |   126903.55    |
|   50  |     135501.36     |    171821.31     |      64683.05      |   92592.59    |   128865.98    |
|  AVG |     128457.21     |    169201.17     |      64360.60      |   91983.48    |   138343.33    |
-------------- testing getMapList (Affected Rows per second) ------------
|      |     rexdb     |     jdbc     |    hibernate    |  mybatis   |  spring   |
| ---- | ------------- | ------------ | --------------- | ---------- | --------- |
warming up testing getMapList..................
|   1  |     98039.22     |    142450.14     |      101010.10      |   93457.94    |   79491.26    |
|   2  |     158227.85     |    110375.28     |      112107.62      |   80645.16    |   99009.90    |
|   3  |     117370.89     |    145348.84     |      95969.29      |   90252.71    |   87873.46    |
|   4  |     90090.09     |    101626.02     |      99800.40      |   93109.87    |   83892.62    |
|   5  |     119331.74     |    101626.02     |      125628.14      |   78003.12    |   81833.06    |
|   6  |     97465.89     |    142450.14     |      98425.20      |   95419.85    |   75187.97    |
|   7  |     97656.25     |    162337.66     |      135869.57      |   78125.00    |   100000.00    |
|   8  |     116550.12     |    140845.07     |      96153.85      |   90090.09    |   73529.41    |
|   9  |     113378.68     |    142045.45     |      97087.38      |   94339.62    |   74850.30    |
|   10  |     97087.38     |    165016.50     |      134048.26      |   77041.60    |   98619.33    |
|   11  |     116550.12     |    139664.80     |      95602.29      |   91074.68    |   82508.25    |
|   12  |     100401.61     |    137362.64     |      98039.22      |   94517.96    |   76219.51    |
|   13  |     157232.70     |    109649.12     |      121065.38      |   73529.41    |   105932.20    |
|   14  |     94696.97     |    160771.70     |      135501.36      |   75075.08    |   106837.61    |
|   15  |     95238.10     |    138888.89     |      103950.10      |   89766.61    |   76569.68    |
|   16  |     158730.16     |    106609.81     |      119047.62      |   97276.26    |   82781.46    |
|   17  |     155763.24     |    106157.11     |      118483.41      |   79365.08    |   103305.79    |
|   18  |     85616.44     |    139664.80     |      94696.97      |   95969.29    |   86058.52    |
|   19  |     110619.47     |    106837.61     |      102040.82      |   77041.60    |   78988.94    |
|   20  |     112866.82     |    145772.59     |      96711.80      |   94696.97    |   83194.68    |
|   21  |     102880.66     |    146627.57     |      97087.38      |   89445.44    |   82508.25    |
|   22  |     110864.75     |    144927.54     |      93984.96      |   95785.44    |   84459.46    |
|   23  |     105485.23     |    98039.22     |      131578.95      |   77639.75    |   77519.38    |
|   24  |     153846.15     |    103305.79     |      129870.13      |   91911.76    |   77041.60    |
|   25  |     154320.99     |    103734.44     |      129198.97      |   93109.87    |   73099.42    |
|   26  |     154320.99     |    111856.82     |      116279.07      |   87719.30    |   89126.56    |
|   27  |     124378.11     |    108225.11     |      116550.12      |   93283.58    |   81699.35    |
|   28  |     122850.12     |    131233.60     |      98619.33      |   96339.11    |   69444.44    |
|   29  |     145772.59     |    103519.67     |      128205.13      |   89445.44    |   85616.44    |
|   30  |     152439.02     |    100200.40     |      129870.13      |   78247.26    |   81967.21    |
|   31  |     99800.40     |    144927.54     |      102249.49      |   90909.09    |   80000.00    |
|   32  |     159744.41     |    108459.87     |      109409.19      |   80645.16    |   102880.66    |
|   33  |     108932.46     |    95057.03     |      124688.28      |   75872.53    |   73637.70    |
|   34  |     154798.76     |    98814.23     |      123456.79      |   81699.35    |   72674.42    |
|   35  |     151975.68     |    102040.82     |      130208.33      |   84602.37    |   57273.77    |
|   36  |     124688.28     |    100401.61     |      106157.11      |   87719.30    |   70921.99    |
|   37  |     156250.00     |    104602.51     |      117924.53      |   91240.88    |   80645.16    |
|   38  |     146627.57     |    101832.99     |      130890.05      |   89285.71    |   85178.88    |
|   39  |     89445.44     |    147492.63     |      119047.62      |   71942.45    |   99601.59    |
|   40  |     148367.95     |    99206.35     |      106609.81      |   92421.44    |   85910.65    |
|   41  |     102249.49     |    132625.99     |      95602.29      |   89126.56    |   75987.84    |
|   42  |     113378.68     |    144508.67     |      100603.62      |   88495.58    |   82918.74    |
|   43  |     116279.07     |    127877.24     |      101626.02      |   91911.76    |   83472.45    |
|   44  |     102249.49     |    144927.54     |      96899.22      |   94876.66    |   81967.21    |
|   45  |     101832.99     |    145772.59     |      93109.87      |   92421.44    |   79617.83    |
|   46  |     111358.57     |    145348.84     |      102880.66      |   89766.61    |   81037.28    |
|   47  |     119331.74     |    146627.57     |      93109.87      |   94517.96    |   83892.62    |
|   48  |     101626.02     |    145772.59     |      95785.44      |   95969.29    |   80645.16    |
|   49  |     99206.35     |    146198.83     |      101832.99      |   90090.09    |   75528.70    |
|   50  |     119904.08     |    121359.22     |      100200.40      |   87108.01    |   79365.08    |
|  AVG |     120962.40     |    126020.50     |      110095.49      |   87846.94    |   83046.48    |
================== printing result ==================
|   OPER/COSTS(ms)   |     rexdb     |     jdbc    |  hibernate |  mybatis |  spring |
| ------------------ | ------------- | ----------- | ---------- | -------- | ------- |
|   insert   |     2427.77     |     2447.42     |   871.6   |   2341.73   |2401.75   |
|   insertPs   |     2435.75     |     2480.73     |   862.95   |   2294.08   |2370.35   |
|   batchInsert   |     42322.38     |     43804.5     |   29259.97   |   36004.48   |36483.79   |
|   batchInsertPs   |     38642.65     |     43825.34     |   28435.85   |   36198.89   |36014.95   |
|   getList   |     140536.6     |     146153.96     |   59354.68   |   77153.09   |138027.3   |
|   getList-disableDynamicClass   |     128457.21     |     169201.17     |   64360.6   |   91983.48   |138343.33   |
|   getMapList   |     120962.4     |     126020.5     |   110095.49   |   87846.94   |83046.48   |
================== printing json result ==================
{"insert":{"rexdb":2427.77,"jdbc":2447.42,"hibernate":871.6,"mybatis":2341.73,"spring":2401.75},"insertPs":{"rexdb":2435.75,"jdbc":2480.73,"hibernate":862.95,"mybatis":2294.08,"spring":2370.35},"batchInsert":{"rexdb":42322.38,"jdbc":43804.5,"hibernate":29259.97,"mybatis":36004.48,"spring":36483.79},"batchInsertPs":{"rexdb":38642.65,"jdbc":43825.34,"hibernate":28435.85,"mybatis":36198.89,"spring":36014.95},"getList":{"rexdb":140536.6,"jdbc":146153.96,"hibernate":59354.68,"mybatis":77153.09,"spring":138027.3},"getList-disableDynamicClass":{"rexdb":128457.21,"jdbc":169201.17,"hibernate":64360.6,"mybatis":91983.48,"spring":138343.33},"getMapList":{"rexdb":120962.4,"jdbc":126020.5,"hibernate":110095.49,"mybatis":87846.94,"spring":83046.48}}
